   2.8243e+00   7.3713e+00   1.3568e+02   1.0074e-01   1.7711e+04   1.5543e-01   2.3432e-02   2.7325e+04   4.1194e+03
   2.8343e+00   7.3813e+00   1.3568e+02   1.0039e-01   1.7369e+04   1.1672e-01   2.0318e-02   2.0195e+04   3.5154e+03
   2.8443e+00   7.3913e+00   1.3568e+02   1.0004e-01   1.7036e+04   1.1672e-01   2.0318e-02   1.9877e+04   3.4601e+03
   2.8543e+00   7.4013e+00   1.3568e+02   9.9700e-02   1.6713e+04   9.2032e-02   1.8049e-02   1.5428e+04   3.0256e+03
   2.8644e+00   7.4114e+00   1.3568e+02   9.9372e-02   1.6399e+04   1.0967e-01   1.9697e-02   1.8098e+04   3.2505e+03
   2.8744e+00   7.4214e+00   1.3568e+02   9.9057e-02   1.6093e+04   1.3433e-01   2.1790e-02   2.1823e+04   3.5402e+03
   2.8844e+00   7.4314e+00   1.3568e+02   9.8760e-02   1.5798e+04   1.0262e-01   1.9055e-02   1.6415e+04   3.0482e+03
   2.8944e+00   7.4414e+00   1.3568e+02   9.8498e-02   1.5515e+04   1.5894e-01   2.3694e-02   2.5036e+04   3.7322e+03
   2.9044e+00   7.4514e+00   1.3568e+02   9.8318e-02   1.5251e+04   1.2024e-01   2.0621e-02   1.8652e+04   3.1987e+03
   2.9144e+00   7.4614e+00   1.3568e+02   9.8428e-02   1.5037e+04   1.2728e-01   2.1214e-02   1.9445e+04   3.2409e+03
   2.9244e+00   7.4714e+00   1.3568e+02   1.0072e-01   1.5155e+04   1.3433e-01   2.1790e-02   2.0212e+04   3.2788e+03
   2.9344e+00   7.4814e+00   1.3568e+02   1.3043e-01   1.9332e+04   1.3081e-01   2.1504e-02   1.9387e+04   3.1873e+03
   2.9444e+00   7.4914e+00   1.3568e+02   9.9283e-02   1.4496e+04   9.5561e-02   1.8391e-02   1.3953e+04   2.6852e+03
   2.9544e+00   7.5014e+00   1.3568e+02   9.7387e-02   1.4009e+04   8.4972e-02   1.7345e-02   1.2223e+04   2.4950e+03
   2.9644e+00   7.5114e+00   1.3568e+02   9.6738e-02   1.3710e+04   1.0967e-01   1.9697e-02   1.5543e+04   2.7916e+03
   2.9744e+00   7.5214e+00   1.3568e+02   9.6325e-02   1.3452e+04   1.1319e-01   2.0010e-02   1.5807e+04   2.7943e+03
   2.9844e+00   7.5314e+00   1.3568e+02   9.5992e-02   1.3210e+04   1.1672e-01   2.0318e-02   1.6062e+04   2.7960e+03
   2.9944e+00   7.5414e+00   1.3568e+02   9.5697e-02   1.2978e+04   8.4972e-02   1.7345e-02   1.1524e+04   2.3523e+03
   3.0044e+00   7.5514e+00   1.3568e+02   9.5423e-02   1.2754e+04   1.4488e-01   2.2626e-02   1.9365e+04   3.0243e+03
   3.0144e+00   7.5614e+00   1.3568e+02   9.5165e-02   1.2537e+04   1.0262e-01   1.9055e-02   1.3519e+04   2.5104e+03
   3.0244e+00   7.5714e+00   1.3568e+02   9.4918e-02   1.2326e+04   2.0105e-01   2.6630e-02   2.6110e+04   3.4583e+03
   3.0344e+00   7.5814e+00   1.3568e+02   9.4680e-02   1.2121e+04   8.4972e-02   1.7345e-02   1.0878e+04   2.2205e+03
   3.0444e+00   7.5914e+00   1.3568e+02   9.4451e-02   1.1921e+04   8.1441e-02   1.6982e-02   1.0279e+04   2.1433e+03
   3.0544e+00   7.6014e+00   1.3568e+02   9.4229e-02   1.1726e+04   9.9089e-02   1.8726e-02   1.2331e+04   2.3303e+03
   3.0644e+00   7.6114e+00   1.3568e+02   9.4015e-02   1.1536e+04   1.4136e-01   2.2351e-02   1.7346e+04   2.7426e+03
   3.0744e+00   7.6214e+00   1.3568e+02   9.3807e-02   1.1350e+04   9.5561e-02   1.8391e-02   1.1563e+04   2.2252e+03
   3.0844e+00   7.6314e+00   1.3568e+02   9.3605e-02   1.1169e+04   1.1319e-01   2.0010e-02   1.3507e+04   2.3877e+03
   3.0944e+00   7.6414e+00   1.3568e+02   9.3408e-02   1.0993e+04   1.0262e-01   1.9055e-02   1.2076e+04   2.2425e+03
   3.1044e+00   7.6514e+00   1.3568e+02   9.3217e-02   1.0820e+04   1.2728e-01   2.1214e-02   1.4774e+04   2.4624e+03
   3.1144e+00   7.6614e+00   1.3568e+02   9.3030e-02   1.0651e+04   1.2376e-01   2.0920e-02   1.4170e+04   2.3952e+03
   3.1244e+00   7.6714e+00   1.3568e+02   9.2846e-02   1.0486e+04   1.4840e-01   2.2898e-02   1.6760e+04   2.5862e+03
   3.1344e+00   7.6814e+00   1.3568e+02   9.2664e-02   1.0325e+04   1.0614e-01   1.9379e-02   1.1827e+04   2.1592e+03
   3.1444e+00   7.6914e+00   1.3568e+02   9.2481e-02   1.0166e+04   1.6597e-01   2.4209e-02   1.8245e+04   2.6613e+03
   3.1544e+00   7.7014e+00   1.3568e+02   9.2294e-02   1.0011e+04   1.4136e-01   2.2351e-02   1.5333e+04   2.4243e+03
   3.1644e+00   7.7114e+00   1.3568e+02   9.2099e-02   9.8568e+03   1.8352e-01   2.5450e-02   1.9641e+04   2.7237e+03
   3.1744e+00   7.7214e+00   1.3568e+02   9.1888e-02   9.7045e+03   1.1319e-01   2.0010e-02   1.1955e+04   2.1133e+03
   3.1844e+00   7.7314e+00   1.3568e+02   9.1648e-02   9.5520e+03   9.2032e-02   1.8049e-02   9.5921e+03   1.8812e+03
   3.1944e+00   7.7414e+00   1.3568e+02   9.1358e-02   9.3973e+03   1.2728e-01   2.1214e-02   1.3093e+04   2.1821e+03
   3.2044e+00   7.7514e+00   1.3568e+02   9.0975e-02   9.2362e+03   8.8503e-02   1.7701e-02   8.9853e+03   1.7971e+03
   3.2144e+00   7.7614e+00   1.3568e+02   9.0413e-02   9.0605e+03   8.8503e-02   1.7701e-02   8.8691e+03   1.7738e+03
   3.2244e+00   7.7714e+00   1.3568e+02   8.9459e-02   8.8495e+03   1.3081e-01   2.1504e-02   1.2940e+04   2.1273e+03
   3.2344e+00   7.7814e+00   1.3568e+02   8.7426e-02   8.5377e+03   1.1319e-01   2.0010e-02   1.1054e+04   1.9541e+03
   3.2444e+00   7.7914e+00   1.3568e+02   8.0687e-02   7.7792e+03   1.0614e-01   1.9379e-02   1.0233e+04   1.8683e+03
   3.2544e+00   7.8014e+00   1.3568e+02   6.5696e-02   6.2535e+03   1.6246e-01   2.3953e-02   1.5464e+04   2.2800e+03
   3.2644e+00   7.8114e+00   1.3568e+02   9.8259e-02   9.2352e+03   9.9089e-02   1.8726e-02   9.3132e+03   1.7600e+03
   3.2744e+00   7.8214e+00   1.3568e+02   9.7112e-02   9.0127e+03   1.0614e-01   1.9379e-02   9.8509e+03   1.7985e+03
   3.2844e+00   7.8314e+00   1.3568e+02   9.6383e-02   8.8333e+03   1.0967e-01   1.9697e-02   1.0051e+04   1.8052e+03
   3.2944e+00   7.8414e+00   1.3568e+02   9.6065e-02   8.6947e+03   9.5561e-02   1.8391e-02   8.6491e+03   1.6645e+03
   3.3044e+00   7.8514e+00   1.3568e+02   9.5994e-02   8.5808e+03   9.2032e-02   1.8049e-02   8.2267e+03   1.6134e+03
   3.3144e+00   7.8614e+00   1.3568e+02   9.6093e-02   8.4839e+03   9.9089e-02   1.8726e-02   8.7485e+03   1.6533e+03
   3.3245e+00   7.8715e+00   1.3568e+02   9.6333e-02   8.4008e+03   1.0967e-01   1.9697e-02   9.5638e+03   1.7177e+03
   3.3345e+00   7.8815e+00   1.3568e+02   9.6703e-02   8.3303e+03   1.1672e-01   2.0318e-02   1.0054e+04   1.7502e+03
   3.3445e+00   7.8915e+00   1.3568e+02   9.7209e-02   8.2724e+03   1.1319e-01   2.0010e-02   9.6326e+03   1.7028e+03
   3.3545e+00   7.9015e+00   1.3568e+02   9.7868e-02   8.2278e+03   1.2308e-01   2.1425e-02   1.0347e+04   1.8012e+03


   2.8243e+00   7.3713e+00   1.3992e+02   9.6627e-02   1.6988e+04   6.0968e-02   1.6294e-02   1.0719e+04   2.8647e+03
   2.8343e+00   7.3813e+00   1.3992e+02   9.6297e-02   1.6661e+04   8.2695e-02   1.8972e-02   1.4308e+04   3.2825e+03
   2.8443e+00   7.3913e+00   1.3992e+02   9.5973e-02   1.6344e+04   4.7920e-02   1.4448e-02   8.1607e+03   2.4605e+03
   2.8543e+00   7.4013e+00   1.3992e+02   9.5653e-02   1.6035e+04   1.0006e-01   2.0864e-02   1.6773e+04   3.4974e+03
   2.8644e+00   7.4114e+00   1.3992e+02   9.5340e-02   1.5733e+04   1.0874e-01   2.1747e-02   1.7944e+04   3.5888e+03
   2.8744e+00   7.4214e+00   1.3992e+02   9.5033e-02   1.5440e+04   1.3474e-01   2.4200e-02   2.1891e+04   3.9317e+03
   2.8844e+00   7.4314e+00   1.3992e+02   9.4737e-02   1.5155e+04   7.4008e-02   1.7949e-02   1.1839e+04   2.8713e+03
   2.8944e+00   7.4414e+00   1.3992e+02   9.4461e-02   1.4879e+04   8.2695e-02   1.8972e-02   1.3026e+04   2.9884e+03
   2.9044e+00   7.4514e+00   1.3992e+02   9.4251e-02   1.4620e+04   7.8352e-02   1.8468e-02   1.2154e+04   2.8647e+03
   2.9144e+00   7.4614e+00   1.3992e+02   9.4324e-02   1.4410e+04   8.7038e-02   1.9462e-02   1.3297e+04   2.9732e+03
   2.9244e+00   7.4714e+00   1.3992e+02   9.7002e-02   1.4596e+04   6.5316e-02   1.6864e-02   9.8280e+03   2.5376e+03
   2.9344e+00   7.4814e+00   1.3992e+02   1.4271e-01   2.1152e+04   1.6503e-01   2.6772e-02   2.4461e+04   3.9680e+03
   2.9444e+00   7.4914e+00   1.3992e+02   9.7828e-02   1.4284e+04   1.0006e-01   2.0864e-02   1.4609e+04   3.0463e+03
   2.9544e+00   7.5014e+00   1.3992e+02   9.4793e-02   1.3635e+04   1.0006e-01   2.0864e-02   1.4393e+04   3.0011e+03
   2.9644e+00   7.5114e+00   1.3992e+02   9.3828e-02   1.3298e+04   1.0006e-01   2.0864e-02   1.4181e+04   2.9569e+03
   2.9744e+00   7.5214e+00   1.3992e+02   9.3285e-02   1.3027e+04   8.2695e-02   1.8972e-02   1.1548e+04   2.6494e+03
   2.9844e+00   7.5314e+00   1.3992e+02   9.2893e-02   1.2783e+04   6.9662e-02   1.7416e-02   9.5864e+03   2.3966e+03
   2.9944e+00   7.5414e+00   1.3992e+02   9.2571e-02   1.2554e+04   5.2270e-02   1.5089e-02   7.0888e+03   2.0463e+03
   3.0044e+00   7.5514e+00   1.3992e+02   9.2288e-02   1.2335e+04   8.7038e-02   1.9462e-02   1.1634e+04   2.6014e+03
   3.0144e+00   7.5614e+00   1.3992e+02   9.2031e-02   1.2125e+04   1.1307e-01   2.2175e-02   1.4897e+04   2.9215e+03
   3.0244e+00   7.5714e+00   1.3992e+02   9.1793e-02   1.1921e+04   7.4008e-02   1.7949e-02   9.6110e+03   2.3310e+03
   3.0344e+00   7.5814e+00   1.3992e+02   9.1569e-02   1.1723e+04   9.1379e-02   1.9941e-02   1.1699e+04   2.5528e+03
   3.0444e+00   7.5914e+00   1.3992e+02   9.1356e-02   1.1530e+04   6.0968e-02   1.6294e-02   7.6950e+03   2.0566e+03
   3.0544e+00   7.6014e+00   1.3992e+02   9.1153e-02   1.1343e+04   1.1741e-01   2.2595e-02   1.4610e+04   2.8118e+03
   3.0644e+00   7.6114e+00   1.3992e+02   9.0959e-02   1.1161e+04   8.2695e-02   1.8972e-02   1.0147e+04   2.3279e+03
   3.0744e+00   7.6214e+00   1.3992e+02   9.0772e-02   1.0983e+04   1.0874e-01   2.1747e-02   1.3157e+04   2.6313e+03
   3.0844e+00   7.6314e+00   1.3992e+02   9.0592e-02   1.0810e+04   5.2270e-02   1.5089e-02   6.2372e+03   1.8005e+03
   3.0944e+00   7.6414e+00   1.3992e+02   9.0418e-02   1.0641e+04   1.0874e-01   2.1747e-02   1.2796e+04   2.5593e+03
   3.1044e+00   7.6514e+00   1.3992e+02   9.0248e-02   1.0476e+04   1.0006e-01   2.0864e-02   1.1614e+04   2.4218e+03
   3.1144e+00   7.6614e+00   1.3992e+02   9.0083e-02   1.0314e+04   1.0006e-01   2.0864e-02   1.1456e+04   2.3888e+03
   3.1244e+00   7.6714e+00   1.3992e+02   8.9919e-02   1.0156e+04   1.0440e-01   2.1310e-02   1.1791e+04   2.4068e+03
   3.1344e+00   7.6814e+00   1.3992e+02   8.9756e-02   1.0001e+04   1.3907e-01   2.4584e-02   1.5496e+04   2.7393e+03
   3.1444e+00   7.6914e+00   1.3992e+02   8.9590e-02   9.8486e+03   8.7038e-02   1.9462e-02   9.5680e+03   2.1395e+03
   3.1544e+00   7.7014e+00   1.3992e+02   8.9417e-02   9.6985e+03   1.3907e-01   2.4584e-02   1.5084e+04   2.6665e+03
   3.1644e+00   7.7114e+00   1.3992e+02   8.9232e-02   9.5500e+03   6.5316e-02   1.6864e-02   6.9904e+03   1.8049e+03
   3.1744e+00   7.7214e+00   1.3992e+02   8.9025e-02   9.4021e+03   9.5720e-02   2.0408e-02   1.0109e+04   2.1553e+03
   3.1844e+00   7.7314e+00   1.3992e+02   8.8780e-02   9.2531e+03   6.5316e-02   1.6864e-02   6.8075e+03   1.7577e+03
   3.1944e+00   7.7414e+00   1.3992e+02   8.8471e-02   9.1004e+03   7.4008e-02   1.7949e-02   7.6127e+03   1.8463e+03
   3.2044e+00   7.7514e+00   1.3992e+02   8.8048e-02   8.9391e+03   6.5316e-02   1.6864e-02   6.6312e+03   1.7122e+03
   3.2144e+00   7.7614e+00   1.3992e+02   8.7407e-02   8.7592e+03   7.4008e-02   1.7949e-02   7.4165e+03   1.7988e+03
   3.2244e+00   7.7714e+00   1.3992e+02   8.6295e-02   8.5366e+03   4.7920e-02   1.4448e-02   4.7404e+03   1.4293e+03
   3.2344e+00   7.7814e+00   1.3992e+02   8.3913e-02   8.1947e+03   9.5720e-02   2.0408e-02   9.3476e+03   1.9929e+03
   3.2444e+00   7.7914e+00   1.3992e+02   7.6142e-02   7.3409e+03   5.6620e-02   1.5704e-02   5.4588e+03   1.5140e+03
   3.2544e+00   7.8014e+00   1.3992e+02   6.3055e-02   6.0021e+03   3.4863e-02   1.2326e-02   3.3185e+03   1.1733e+03
   3.2644e+00   7.8114e+00   1.3992e+02   9.7850e-02   9.1967e+03   1.3907e-01   2.4584e-02   1.3071e+04   2.3106e+03
   3.2744e+00   7.8214e+00   1.3992e+02   9.5957e-02   8.9056e+03   1.0874e-01   2.1747e-02   1.0092e+04   2.0183e+03
   3.2844e+00   7.8314e+00   1.3992e+02   9.4942e-02   8.7012e+03   8.2695e-02   1.8972e-02   7.5789e+03   1.7387e+03
   3.2944e+00   7.8414e+00   1.3992e+02   9.4489e-02   8.5521e+03   1.0006e-01   2.0864e-02   9.0563e+03   1.8884e+03
   3.3044e+00   7.8514e+00   1.3992e+02   9.4347e-02   8.4336e+03   4.7920e-02   1.4448e-02   4.2835e+03   1.2915e+03
   3.3144e+00   7.8614e+00   1.3992e+02   9.4409e-02   8.3352e+03   1.3474e-01   2.4200e-02   1.1896e+04   2.1366e+03
   3.3245e+00   7.8715e+00   1.3992e+02   9.4628e-02   8.2522e+03   5.6620e-02   1.5704e-02   4.9376e+03   1.3694e+03
   3.3345e+00   7.8815e+00   1.3992e+02   9.4987e-02   8.1825e+03   7.4008e-02   1.7949e-02   6.3753e+03   1.5462e+03
   3.3445e+00   7.8915e+00   1.3992e+02   9.5484e-02   8.1255e+03   9.5720e-02   2.0408e-02   8.1456e+03   1.7366e+03
   3.3545e+00   7.9015e+00   1.3992e+02   9.6132e-02   8.0819e+03   1.0006e-01   2.0864e-02   8.4121e+03   1.7540e+03


