PHYSICAL LEVEL PARAMETERS (BOUNDARY CONDITION SET TO SHIFT AT E_LEVEL)

J = 3.0-  E_level =   7.4800 MeV  ITERATIONS =     0
  R =  1  l =   3  s =  1.0  G  =     2.448930 keV        g_int =    12.038542 MeV^(1/2)   g_ext =  (0.000000,0.000000) MeV^(1/2) 
  R =  1  l =   1  s =  2.0  G  =   172.490983 eV         g_int =    -0.669290 MeV^(1/2)   g_ext =  (0.000000,0.000000) MeV^(1/2) 
  R =  1  l =   3  s =  2.0  G  =     2.133437 keV        g_int =    11.236361 MeV^(1/2)   g_ext =  (0.000000,0.000000) MeV^(1/2) 
  R =  1  l =   5  s =  2.0  G  =   519.244265 eV         g_int =    80.340255 MeV^(1/2)   g_ext =  (0.000000,0.000000) MeV^(1/2) 

J = 3.0-  E_level =   7.8010 MeV  ITERATIONS =     0
  R =  1  l =   3  s =  1.0  G  =     8.434268 eV         g_int =     0.016731 MeV^(1/2)   g_ext =  (0.000000,0.000000) MeV^(1/2) 
  R =  1  l =   1  s =  2.0  G  =     6.737919 keV        g_int =     0.111727 MeV^(1/2)   g_ext =  (0.000000,0.000000) MeV^(1/2) 
  R =  1  l =   3  s =  2.0  G  =    33.725391 eV         g_int =     0.033456 MeV^(1/2)   g_ext =  (0.000000,0.000000) MeV^(1/2) 
  R =  1  l =   5  s =  2.0  G  =   292.258979 eV         g_int =     1.277019 MeV^(1/2)   g_ext =  (0.000000,0.000000) MeV^(1/2) 

J = 3.0-  E_level =  10.2500 MeV  ITERATIONS =     0
  R =  1  l =   3  s =  1.0  G  =     0.000000 meV        g_int =     0.000000 MeV^(1/2)   g_ext =  (0.000000,0.000000) MeV^(1/2) 
  R =  1  l =   1  s =  2.0  G  =     0.000000 meV        g_int =     0.000000 MeV^(1/2)   g_ext =  (0.000000,0.000000) MeV^(1/2) 
  R =  1  l =   3  s =  2.0  G  =     0.000000 meV        g_int =     0.000000 MeV^(1/2)   g_ext =  (0.000000,0.000000) MeV^(1/2) 
  R =  1  l =   5  s =  2.0  G  =     0.000000 meV        g_int =     0.000000 MeV^(1/2)   g_ext =  (0.000000,0.000000) MeV^(1/2) 

J = 4.0+  E_level =   8.0260 MeV  ITERATIONS =     0
  R =  1  l =   4  s =  1.0  G  =    24.332195 keV        g_int =   253.714923 MeV^(1/2)   g_ext =  (0.000000,0.000000) MeV^(1/2) 
  R =  1  l =   2  s =  2.0  G  =     2.836047 keV        g_int =    12.040668 MeV^(1/2)   g_ext =  (0.000000,0.000000) MeV^(1/2) 
  R =  1  l =   4  s =  2.0  G  =    46.869879 eV         g_int =    11.135309 MeV^(1/2)   g_ext =  (0.000000,0.000000) MeV^(1/2) 
  R =  1  l =   6  s =  2.0  G  =     0.403804 meV        g_int =    -0.596829 MeV^(1/2)   g_ext =  (0.000000,0.000000) MeV^(1/2) 

J = 4.0+  E_level =   8.1890 MeV  ITERATIONS =     0
  R =  1  l =   4  s =  1.0  G  =    29.810316 keV        g_int =   141.502623 MeV^(1/2)   g_ext =  (0.000000,0.000000) MeV^(1/2) 
  R =  1  l =   2  s =  2.0  G  =    72.823441 keV        g_int =    32.526332 MeV^(1/2)   g_ext =  (0.000000,0.000000) MeV^(1/2) 
  R =  1  l =   4  s =  2.0  G  =    13.250212 eV         g_int =    -2.983270 MeV^(1/2)   g_ext =  (0.000000,0.000000) MeV^(1/2) 
  R =  1  l =   6  s =  2.0  G  =     3.081302 meV        g_int =    -0.791016 MeV^(1/2)   g_ext =  (0.000000,0.000000) MeV^(1/2) 

J = 4.0+  E_level =  10.7500 MeV  ITERATIONS =     0
  R =  1  l =   4  s =  1.0  G  =     0.000000 meV        g_int =     0.000000 MeV^(1/2)   g_ext =  (0.000000,0.000000) MeV^(1/2) 
  R =  1  l =   2  s =  2.0  G  =     0.000000 meV        g_int =     0.000000 MeV^(1/2)   g_ext =  (0.000000,0.000000) MeV^(1/2) 
  R =  1  l =   4  s =  2.0  G  =     0.000000 meV        g_int =     0.000000 MeV^(1/2)   g_ext =  (0.000000,0.000000) MeV^(1/2) 
  R =  1  l =   6  s =  2.0  G  =     0.000000 meV        g_int =     0.000000 MeV^(1/2)   g_ext =  (0.000000,0.000000) MeV^(1/2) 

J = 0.0-  E_level =   9.9500 MeV  ITERATIONS =     0
  R =  1  l =   1  s =  1.0  G  =     0.000000 meV        g_int =     0.000000 MeV^(1/2)   g_ext =  (0.000000,0.000000) MeV^(1/2) 

J = 0.0+  E_level =   9.9000 MeV  ITERATIONS =     0
  R =  1  l =   2  s =  2.0  G  =     0.000000 meV        g_int =     0.000000 MeV^(1/2)   g_ext =  (0.000000,0.000000) MeV^(1/2) 

J = 1.0-  E_level =  10.0000 MeV  ITERATIONS =     0
  R =  1  l =   1  s =  1.0  G  =     0.000000 meV        g_int =     0.000000 MeV^(1/2)   g_ext =  (0.000000,0.000000) MeV^(1/2) 
  R =  1  l =   1  s =  2.0  G  =     0.000000 meV        g_int =     0.000000 MeV^(1/2)   g_ext =  (0.000000,0.000000) MeV^(1/2) 
  R =  1  l =   3  s =  2.0  G  =     0.000000 meV        g_int =     0.000000 MeV^(1/2)   g_ext =  (0.000000,0.000000) MeV^(1/2) 

J = 1.0+  E_level =  10.0500 MeV  ITERATIONS =     0
  R =  1  l =   0  s =  1.0  G  =     0.000000 meV        g_int =     0.000000 MeV^(1/2)   g_ext =  (0.000000,0.000000) MeV^(1/2) 
  R =  1  l =   2  s =  1.0  G  =     0.000000 meV        g_int =     0.000000 MeV^(1/2)   g_ext =  (0.000000,0.000000) MeV^(1/2) 
  R =  1  l =   2  s =  2.0  G  =     0.000000 meV        g_int =     0.000000 MeV^(1/2)   g_ext =  (0.000000,0.000000) MeV^(1/2) 

J = 2.0-  E_level =  10.1500 MeV  ITERATIONS =     0
  R =  1  l =   1  s =  1.0  G  =     0.000000 meV        g_int =     0.000000 MeV^(1/2)   g_ext =  (0.000000,0.000000) MeV^(1/2) 
  R =  1  l =   3  s =  1.0  G  =     0.000000 meV        g_int =     0.000000 MeV^(1/2)   g_ext =  (0.000000,0.000000) MeV^(1/2) 
  R =  1  l =   1  s =  2.0  G  =     0.000000 meV        g_int =     0.000000 MeV^(1/2)   g_ext =  (0.000000,0.000000) MeV^(1/2) 
  R =  1  l =   3  s =  2.0  G  =     0.000000 meV        g_int =     0.000000 MeV^(1/2)   g_ext =  (0.000000,0.000000) MeV^(1/2) 

J = 2.0+  E_level =  10.5000 MeV  ITERATIONS =     0
  R =  1  l =   2  s =  1.0  G  =     0.000000 meV        g_int =     0.000000 MeV^(1/2)   g_ext =  (0.000000,0.000000) MeV^(1/2) 
  R =  1  l =   0  s =  2.0  G  =     0.000000 meV        g_int =     0.000000 MeV^(1/2)   g_ext =  (0.000000,0.000000) MeV^(1/2) 
  R =  1  l =   2  s =  2.0  G  =     0.000000 meV        g_int =     0.000000 MeV^(1/2)   g_ext =  (0.000000,0.000000) MeV^(1/2) 
  R =  1  l =   4  s =  2.0  G  =     0.000000 meV        g_int =     0.000000 MeV^(1/2)   g_ext =  (0.000000,0.000000) MeV^(1/2) 

J = 3.0+  E_level =  10.1000 MeV  ITERATIONS =     0
  R =  1  l =   2  s =  1.0  G  =     0.000000 meV        g_int =     0.000000 MeV^(1/2)   g_ext =  (0.000000,0.000000) MeV^(1/2) 
  R =  1  l =   4  s =  1.0  G  =     0.000000 meV        g_int =     0.000000 MeV^(1/2)   g_ext =  (0.000000,0.000000) MeV^(1/2) 
  R =  1  l =   2  s =  2.0  G  =     0.000000 meV        g_int =     0.000000 MeV^(1/2)   g_ext =  (0.000000,0.000000) MeV^(1/2) 
  R =  1  l =   4  s =  2.0  G  =     0.000000 meV        g_int =     0.000000 MeV^(1/2)   g_ext =  (0.000000,0.000000) MeV^(1/2) 

J = 4.0-  E_level =  10.4500 MeV  ITERATIONS =     0
  R =  1  l =   3  s =  1.0  G  =     0.000000 meV        g_int =     0.000000 MeV^(1/2)   g_ext =  (0.000000,0.000000) MeV^(1/2) 
  R =  1  l =   5  s =  1.0  G  =     0.000000 meV        g_int =     0.000000 MeV^(1/2)   g_ext =  (0.000000,0.000000) MeV^(1/2) 
  R =  1  l =   3  s =  2.0  G  =     0.000000 meV        g_int =     0.000000 MeV^(1/2)   g_ext =  (0.000000,0.000000) MeV^(1/2) 
  R =  1  l =   5  s =  2.0  G  =     0.000000 meV        g_int =     0.000000 MeV^(1/2)   g_ext =  (0.000000,0.000000) MeV^(1/2) 

J = 5.0-  E_level =  10.7000 MeV  ITERATIONS =     0
  R =  1  l =   5  s =  1.0  G  =     0.000000 meV        g_int =     0.000000 MeV^(1/2)   g_ext =  (0.000000,0.000000) MeV^(1/2) 
  R =  1  l =   3  s =  2.0  G  =     0.000000 meV        g_int =     0.000000 MeV^(1/2)   g_ext =  (0.000000,0.000000) MeV^(1/2) 
  R =  1  l =   5  s =  2.0  G  =     0.000000 meV        g_int =     0.000000 MeV^(1/2)   g_ext =  (0.000000,0.000000) MeV^(1/2) 
  R =  1  l =   7  s =  2.0  G  =     0.000000 meV        g_int =     0.000000 MeV^(1/2)   g_ext =  (0.000000,0.000000) MeV^(1/2) 

J = 5.0+  E_level =  10.3000 MeV  ITERATIONS =     0
  R =  1  l =   4  s =  1.0  G  =     0.000000 meV        g_int =     0.000000 MeV^(1/2)   g_ext =  (0.000000,0.000000) MeV^(1/2) 
  R =  1  l =   6  s =  1.0  G  =     0.000000 meV        g_int =     0.000000 MeV^(1/2)   g_ext =  (0.000000,0.000000) MeV^(1/2) 
  R =  1  l =   4  s =  2.0  G  =     0.000000 meV        g_int =     0.000000 MeV^(1/2)   g_ext =  (0.000000,0.000000) MeV^(1/2) 
  R =  1  l =   6  s =  2.0  G  =     0.000000 meV        g_int =     0.000000 MeV^(1/2)   g_ext =  (0.000000,0.000000) MeV^(1/2) 

J = 5.0+  E_level =  10.8000 MeV  ITERATIONS =     0
  R =  1  l =   4  s =  1.0  G  =     0.000000 meV        g_int =     0.000000 MeV^(1/2)   g_ext =  (0.000000,0.000000) MeV^(1/2) 
  R =  1  l =   6  s =  1.0  G  =     0.000000 meV        g_int =     0.000000 MeV^(1/2)   g_ext =  (0.000000,0.000000) MeV^(1/2) 
  R =  1  l =   4  s =  2.0  G  =     0.000000 meV        g_int =     0.000000 MeV^(1/2)   g_ext =  (0.000000,0.000000) MeV^(1/2) 
  R =  1  l =   6  s =  2.0  G  =     0.000000 meV        g_int =     0.000000 MeV^(1/2)   g_ext =  (0.000000,0.000000) MeV^(1/2) 

J = 6.0-  E_level =  10.5500 MeV  ITERATIONS =     0
  R =  1  l =   5  s =  1.0  G  =     0.000000 meV        g_int =     0.000000 MeV^(1/2)   g_ext =  (0.000000,0.000000) MeV^(1/2) 
  R =  1  l =   7  s =  1.0  G  =     0.000000 meV        g_int =     0.000000 MeV^(1/2)   g_ext =  (0.000000,0.000000) MeV^(1/2) 
  R =  1  l =   5  s =  2.0  G  =     0.000000 meV        g_int =     0.000000 MeV^(1/2)   g_ext =  (0.000000,0.000000) MeV^(1/2) 
  R =  1  l =   7  s =  2.0  G  =     0.000000 meV        g_int =     0.000000 MeV^(1/2)   g_ext =  (0.000000,0.000000) MeV^(1/2) 

J = 6.0+  E_level =  10.3500 MeV  ITERATIONS =     0
  R =  1  l =   6  s =  1.0  G  =     0.000000 meV        g_int =     0.000000 MeV^(1/2)   g_ext =  (0.000000,0.000000) MeV^(1/2) 
  R =  1  l =   4  s =  2.0  G  =     0.000000 meV        g_int =     0.000000 MeV^(1/2)   g_ext =  (0.000000,0.000000) MeV^(1/2) 
  R =  1  l =   6  s =  2.0  G  =     0.000000 meV        g_int =     0.000000 MeV^(1/2)   g_ext =  (0.000000,0.000000) MeV^(1/2) 

J = 7.0-  E_level =  10.6000 MeV  ITERATIONS =     0
  R =  1  l =   7  s =  1.0  G  =     0.000000 meV        g_int =     0.000000 MeV^(1/2)   g_ext =  (0.000000,0.000000) MeV^(1/2) 
  R =  1  l =   5  s =  2.0  G  =     0.000000 meV        g_int =     0.000000 MeV^(1/2)   g_ext =  (0.000000,0.000000) MeV^(1/2) 
  R =  1  l =   7  s =  2.0  G  =     0.000000 meV        g_int =     0.000000 MeV^(1/2)   g_ext =  (0.000000,0.000000) MeV^(1/2) 

J = 7.0+  E_level =  10.8500 MeV  ITERATIONS =     0
  R =  1  l =   6  s =  1.0  G  =     0.000000 meV        g_int =     0.000000 MeV^(1/2)   g_ext =  (0.000000,0.000000) MeV^(1/2) 
  R =  1  l =   6  s =  2.0  G  =     0.000000 meV        g_int =     0.000000 MeV^(1/2)   g_ext =  (0.000000,0.000000) MeV^(1/2) 

J = 8.0-  E_level =  10.9000 MeV  ITERATIONS =     0
  R =  1  l =   7  s =  1.0  G  =     0.000000 meV        g_int =     0.000000 MeV^(1/2)   g_ext =  (0.000000,0.000000) MeV^(1/2) 
  R =  1  l =   7  s =  2.0  G  =     0.000000 meV        g_int =     0.000000 MeV^(1/2)   g_ext =  (0.000000,0.000000) MeV^(1/2) 

J = 8.0+  E_level =  10.4000 MeV  ITERATIONS =     0
  R =  1  l =   6  s =  2.0  G  =     0.000000 meV        g_int =     0.000000 MeV^(1/2)   g_ext =  (0.000000,0.000000) MeV^(1/2) 

J = 9.0-  E_level =  10.6500 MeV  ITERATIONS =     0
  R =  1  l =   7  s =  2.0  G  =     0.000000 meV        g_int =     0.000000 MeV^(1/2)   g_ext =  (0.000000,0.000000) MeV^(1/2) 

