PHYSICAL LEVEL PARAMETERS (BOUNDARY CONDITION SET TO SHIFT AT E_LEVEL)

J = 0.0-  E_level =   9.9500 MeV  ITERATIONS =     0
  R =  1  l =   1  s =  1.0  G  =     0.000000 meV        g_int =     0.000000 MeV^(1/2)   g_ext =  (0.000000,0.000000) MeV^(1/2) 

J = 0.0+  E_level =   7.0410 MeV  ITERATIONS =     0
  R =  1  l =   2  s =  2.0  G  =    30.000000 keV        g_int =     0.773865 MeV^(1/2)   g_ext =  (0.000000,0.000000) MeV^(1/2) 

J = 0.0+  E_level =   7.1760 MeV  ITERATIONS =     0
  R =  1  l =   2  s =  2.0  G  =    30.000000 keV        g_int =     0.650277 MeV^(1/2)   g_ext =  (0.000000,0.000000) MeV^(1/2) 

J = 0.0+  E_level =   7.3700 MeV  ITERATIONS =     0
  R =  1  l =   2  s =  2.0  G  =     5.000000 keV        g_int =     0.204140 MeV^(1/2)   g_ext =  (0.000000,0.000000) MeV^(1/2) 

J = 0.0+  E_level =   7.4800 MeV  ITERATIONS =     0
  R =  1  l =   2  s =  2.0  G  =    30.000000 keV        g_int =     0.472603 MeV^(1/2)   g_ext =  (0.000000,0.000000) MeV^(1/2) 

J = 0.0+  E_level =   7.6000 MeV  ITERATIONS =     0
  R =  1  l =   2  s =  2.0  G  =    30.000000 keV        g_int =     0.425060 MeV^(1/2)   g_ext =  (0.000000,0.000000) MeV^(1/2) 

J = 0.0+  E_level =   7.8010 MeV  ITERATIONS =     0
  R =  1  l =   2  s =  2.0  G  =    30.000000 keV        g_int =     0.362702 MeV^(1/2)   g_ext =  (0.000000,0.000000) MeV^(1/2) 

J = 0.0+  E_level =   8.0200 MeV  ITERATIONS =     0
  R =  1  l =   2  s =  2.0  G  =    30.000000 keV        g_int =     0.311959 MeV^(1/2)   g_ext =  (0.000000,0.000000) MeV^(1/2) 

J = 0.0+  E_level =   8.1890 MeV  ITERATIONS =     0
  R =  1  l =   2  s =  2.0  G  =    30.000000 keV        g_int =     0.281349 MeV^(1/2)   g_ext =  (0.000000,0.000000) MeV^(1/2) 

J = 0.0+  E_level =   8.3220 MeV  ITERATIONS =     0
  R =  1  l =   2  s =  2.0  G  =    30.000000 keV        g_int =     0.261166 MeV^(1/2)   g_ext =  (0.000000,0.000000) MeV^(1/2) 

J = 0.0+  E_level =   8.5060 MeV  ITERATIONS =     0
  R =  1  l =   2  s =  2.0  G  =    30.000000 keV        g_int =     0.237668 MeV^(1/2)   g_ext =  (0.000000,0.000000) MeV^(1/2) 

J = 0.0+  E_level =   8.5860 MeV  ITERATIONS =     0
  R =  1  l =   2  s =  2.0  G  =    30.000000 keV        g_int =     0.228772 MeV^(1/2)   g_ext =  (0.000000,0.000000) MeV^(1/2) 

J = 0.0+  E_level =   8.6720 MeV  ITERATIONS =     0
  R =  1  l =   2  s =  2.0  G  =    30.000000 keV        g_int =     0.219966 MeV^(1/2)   g_ext =  (0.000000,0.000000) MeV^(1/2) 

J = 0.0+  E_level =   8.7170 MeV  ITERATIONS =     0
  R =  1  l =   2  s =  2.0  G  =    30.000000 keV        g_int =     0.215644 MeV^(1/2)   g_ext =  (0.000000,0.000000) MeV^(1/2) 

J = 0.0+  E_level =   8.9240 MeV  ITERATIONS =     0
  R =  1  l =   2  s =  2.0  G  =    30.000000 keV        g_int =     0.197942 MeV^(1/2)   g_ext =  (0.000000,0.000000) MeV^(1/2) 

J = 0.0+  E_level =   9.9000 MeV  ITERATIONS =     0
  R =  1  l =   2  s =  2.0  G  =     0.000000 meV        g_int =     0.000000 MeV^(1/2)   g_ext =  (0.000000,0.000000) MeV^(1/2) 

J = 1.0-  E_level =  10.0000 MeV  ITERATIONS =     0
  R =  1  l =   1  s =  1.0  G  =     0.000000 meV        g_int =     0.000000 MeV^(1/2)   g_ext =  (0.000000,0.000000) MeV^(1/2) 
  R =  1  l =   1  s =  2.0  G  =     0.000000 meV        g_int =     0.000000 MeV^(1/2)   g_ext =  (0.000000,0.000000) MeV^(1/2) 
  R =  1  l =   3  s =  2.0  G  =     0.000000 meV        g_int =     0.000000 MeV^(1/2)   g_ext =  (0.000000,0.000000) MeV^(1/2) 

J = 1.0+  E_level =  10.0500 MeV  ITERATIONS =     0
  R =  1  l =   0  s =  1.0  G  =     0.000000 meV        g_int =     0.000000 MeV^(1/2)   g_ext =  (0.000000,0.000000) MeV^(1/2) 
  R =  1  l =   2  s =  1.0  G  =     0.000000 meV        g_int =     0.000000 MeV^(1/2)   g_ext =  (0.000000,0.000000) MeV^(1/2) 
  R =  1  l =   2  s =  2.0  G  =     0.000000 meV        g_int =     0.000000 MeV^(1/2)   g_ext =  (0.000000,0.000000) MeV^(1/2) 

J = 2.0-  E_level =  10.1500 MeV  ITERATIONS =     0
  R =  1  l =   1  s =  1.0  G  =     0.000000 meV        g_int =     0.000000 MeV^(1/2)   g_ext =  (0.000000,0.000000) MeV^(1/2) 
  R =  1  l =   3  s =  1.0  G  =     0.000000 meV        g_int =     0.000000 MeV^(1/2)   g_ext =  (0.000000,0.000000) MeV^(1/2) 
  R =  1  l =   1  s =  2.0  G  =     0.000000 meV        g_int =     0.000000 MeV^(1/2)   g_ext =  (0.000000,0.000000) MeV^(1/2) 
  R =  1  l =   3  s =  2.0  G  =     0.000000 meV        g_int =     0.000000 MeV^(1/2)   g_ext =  (0.000000,0.000000) MeV^(1/2) 

J = 2.0+  E_level =  10.5000 MeV  ITERATIONS =     0
  R =  1  l =   2  s =  1.0  G  =     0.000000 meV        g_int =     0.000000 MeV^(1/2)   g_ext =  (0.000000,0.000000) MeV^(1/2) 
  R =  1  l =   0  s =  2.0  G  =     0.000000 meV        g_int =     0.000000 MeV^(1/2)   g_ext =  (0.000000,0.000000) MeV^(1/2) 
  R =  1  l =   2  s =  2.0  G  =     0.000000 meV        g_int =     0.000000 MeV^(1/2)   g_ext =  (0.000000,0.000000) MeV^(1/2) 
  R =  1  l =   4  s =  2.0  G  =     0.000000 meV        g_int =     0.000000 MeV^(1/2)   g_ext =  (0.000000,0.000000) MeV^(1/2) 

J = 3.0-  E_level =  10.2500 MeV  ITERATIONS =     0
  R =  1  l =   3  s =  1.0  G  =     0.000000 meV        g_int =     0.000000 MeV^(1/2)   g_ext =  (0.000000,0.000000) MeV^(1/2) 
  R =  1  l =   1  s =  2.0  G  =     0.000000 meV        g_int =     0.000000 MeV^(1/2)   g_ext =  (0.000000,0.000000) MeV^(1/2) 
  R =  1  l =   3  s =  2.0  G  =     0.000000 meV        g_int =     0.000000 MeV^(1/2)   g_ext =  (0.000000,0.000000) MeV^(1/2) 
  R =  1  l =   5  s =  2.0  G  =     0.000000 meV        g_int =     0.000000 MeV^(1/2)   g_ext =  (0.000000,0.000000) MeV^(1/2) 

J = 3.0+  E_level =  10.1000 MeV  ITERATIONS =     0
  R =  1  l =   2  s =  1.0  G  =     0.000000 meV        g_int =     0.000000 MeV^(1/2)   g_ext =  (0.000000,0.000000) MeV^(1/2) 
  R =  1  l =   4  s =  1.0  G  =     0.000000 meV        g_int =     0.000000 MeV^(1/2)   g_ext =  (0.000000,0.000000) MeV^(1/2) 
  R =  1  l =   2  s =  2.0  G  =     0.000000 meV        g_int =     0.000000 MeV^(1/2)   g_ext =  (0.000000,0.000000) MeV^(1/2) 
  R =  1  l =   4  s =  2.0  G  =     0.000000 meV        g_int =     0.000000 MeV^(1/2)   g_ext =  (0.000000,0.000000) MeV^(1/2) 

J = 4.0-  E_level =  10.4500 MeV  ITERATIONS =     0
  R =  1  l =   3  s =  1.0  G  =     0.000000 meV        g_int =     0.000000 MeV^(1/2)   g_ext =  (0.000000,0.000000) MeV^(1/2) 
  R =  1  l =   5  s =  1.0  G  =     0.000000 meV        g_int =     0.000000 MeV^(1/2)   g_ext =  (0.000000,0.000000) MeV^(1/2) 
  R =  1  l =   3  s =  2.0  G  =     0.000000 meV        g_int =     0.000000 MeV^(1/2)   g_ext =  (0.000000,0.000000) MeV^(1/2) 
  R =  1  l =   5  s =  2.0  G  =     0.000000 meV        g_int =     0.000000 MeV^(1/2)   g_ext =  (0.000000,0.000000) MeV^(1/2) 

J = 4.0+  E_level =  10.7500 MeV  ITERATIONS =     0
  R =  1  l =   4  s =  1.0  G  =     0.000000 meV        g_int =     0.000000 MeV^(1/2)   g_ext =  (0.000000,0.000000) MeV^(1/2) 
  R =  1  l =   2  s =  2.0  G  =     0.000000 meV        g_int =     0.000000 MeV^(1/2)   g_ext =  (0.000000,0.000000) MeV^(1/2) 
  R =  1  l =   4  s =  2.0  G  =     0.000000 meV        g_int =     0.000000 MeV^(1/2)   g_ext =  (0.000000,0.000000) MeV^(1/2) 
  R =  1  l =   6  s =  2.0  G  =     0.000000 meV        g_int =     0.000000 MeV^(1/2)   g_ext =  (0.000000,0.000000) MeV^(1/2) 

J = 5.0-  E_level =  10.7000 MeV  ITERATIONS =     0
  R =  1  l =   5  s =  1.0  G  =     0.000000 meV        g_int =     0.000000 MeV^(1/2)   g_ext =  (0.000000,0.000000) MeV^(1/2) 
  R =  1  l =   3  s =  2.0  G  =     0.000000 meV        g_int =     0.000000 MeV^(1/2)   g_ext =  (0.000000,0.000000) MeV^(1/2) 
  R =  1  l =   5  s =  2.0  G  =     0.000000 meV        g_int =     0.000000 MeV^(1/2)   g_ext =  (0.000000,0.000000) MeV^(1/2) 
  R =  1  l =   7  s =  2.0  G  =     0.000000 meV        g_int =     0.000000 MeV^(1/2)   g_ext =  (0.000000,0.000000) MeV^(1/2) 

J = 5.0+  E_level =  10.3000 MeV  ITERATIONS =     0
  R =  1  l =   4  s =  1.0  G  =     0.000000 meV        g_int =     0.000000 MeV^(1/2)   g_ext =  (0.000000,0.000000) MeV^(1/2) 
  R =  1  l =   6  s =  1.0  G  =     0.000000 meV        g_int =     0.000000 MeV^(1/2)   g_ext =  (0.000000,0.000000) MeV^(1/2) 
  R =  1  l =   4  s =  2.0  G  =     0.000000 meV        g_int =     0.000000 MeV^(1/2)   g_ext =  (0.000000,0.000000) MeV^(1/2) 
  R =  1  l =   6  s =  2.0  G  =     0.000000 meV        g_int =     0.000000 MeV^(1/2)   g_ext =  (0.000000,0.000000) MeV^(1/2) 

J = 5.0+  E_level =  10.8000 MeV  ITERATIONS =     0
  R =  1  l =   4  s =  1.0  G  =     0.000000 meV        g_int =     0.000000 MeV^(1/2)   g_ext =  (0.000000,0.000000) MeV^(1/2) 
  R =  1  l =   6  s =  1.0  G  =     0.000000 meV        g_int =     0.000000 MeV^(1/2)   g_ext =  (0.000000,0.000000) MeV^(1/2) 
  R =  1  l =   4  s =  2.0  G  =     0.000000 meV        g_int =     0.000000 MeV^(1/2)   g_ext =  (0.000000,0.000000) MeV^(1/2) 
  R =  1  l =   6  s =  2.0  G  =     0.000000 meV        g_int =     0.000000 MeV^(1/2)   g_ext =  (0.000000,0.000000) MeV^(1/2) 

J = 6.0-  E_level =  10.5500 MeV  ITERATIONS =     0
  R =  1  l =   5  s =  1.0  G  =     0.000000 meV        g_int =     0.000000 MeV^(1/2)   g_ext =  (0.000000,0.000000) MeV^(1/2) 
  R =  1  l =   7  s =  1.0  G  =     0.000000 meV        g_int =     0.000000 MeV^(1/2)   g_ext =  (0.000000,0.000000) MeV^(1/2) 
  R =  1  l =   5  s =  2.0  G  =     0.000000 meV        g_int =     0.000000 MeV^(1/2)   g_ext =  (0.000000,0.000000) MeV^(1/2) 
  R =  1  l =   7  s =  2.0  G  =     0.000000 meV        g_int =     0.000000 MeV^(1/2)   g_ext =  (0.000000,0.000000) MeV^(1/2) 

J = 6.0+  E_level =  10.3500 MeV  ITERATIONS =     0
  R =  1  l =   6  s =  1.0  G  =     0.000000 meV        g_int =     0.000000 MeV^(1/2)   g_ext =  (0.000000,0.000000) MeV^(1/2) 
  R =  1  l =   4  s =  2.0  G  =     0.000000 meV        g_int =     0.000000 MeV^(1/2)   g_ext =  (0.000000,0.000000) MeV^(1/2) 
  R =  1  l =   6  s =  2.0  G  =     0.000000 meV        g_int =     0.000000 MeV^(1/2)   g_ext =  (0.000000,0.000000) MeV^(1/2) 

J = 7.0-  E_level =  10.6000 MeV  ITERATIONS =     0
  R =  1  l =   7  s =  1.0  G  =     0.000000 meV        g_int =     0.000000 MeV^(1/2)   g_ext =  (0.000000,0.000000) MeV^(1/2) 
  R =  1  l =   5  s =  2.0  G  =     0.000000 meV        g_int =     0.000000 MeV^(1/2)   g_ext =  (0.000000,0.000000) MeV^(1/2) 
  R =  1  l =   7  s =  2.0  G  =     0.000000 meV        g_int =     0.000000 MeV^(1/2)   g_ext =  (0.000000,0.000000) MeV^(1/2) 

J = 7.0+  E_level =  10.8500 MeV  ITERATIONS =     0
  R =  1  l =   6  s =  1.0  G  =     0.000000 meV        g_int =     0.000000 MeV^(1/2)   g_ext =  (0.000000,0.000000) MeV^(1/2) 
  R =  1  l =   6  s =  2.0  G  =     0.000000 meV        g_int =     0.000000 MeV^(1/2)   g_ext =  (0.000000,0.000000) MeV^(1/2) 

J = 8.0-  E_level =  10.9000 MeV  ITERATIONS =     0
  R =  1  l =   7  s =  1.0  G  =     0.000000 meV        g_int =     0.000000 MeV^(1/2)   g_ext =  (0.000000,0.000000) MeV^(1/2) 
  R =  1  l =   7  s =  2.0  G  =     0.000000 meV        g_int =     0.000000 MeV^(1/2)   g_ext =  (0.000000,0.000000) MeV^(1/2) 

J = 8.0+  E_level =  10.4000 MeV  ITERATIONS =     0
  R =  1  l =   6  s =  2.0  G  =     0.000000 meV        g_int =     0.000000 MeV^(1/2)   g_ext =  (0.000000,0.000000) MeV^(1/2) 

J = 9.0-  E_level =  10.6500 MeV  ITERATIONS =     0
  R =  1  l =   7  s =  2.0  G  =     0.000000 meV        g_int =     0.000000 MeV^(1/2)   g_ext =  (0.000000,0.000000) MeV^(1/2) 

